{"/home/travis/build/npmtest/node-npmtest-instagram-realtime/test.js":{"path":"/home/travis/build/npmtest/node-npmtest-instagram-realtime/test.js","s":{"1":2,"2":2,"3":2,"4":2,"5":2,"6":2,"7":2,"8":1,"9":2,"10":2,"11":1,"12":1,"13":1,"14":1,"15":2,"16":2,"17":2,"18":2,"19":1,"20":1,"21":2,"22":2,"23":2,"24":1,"25":1,"26":1,"27":1,"28":1,"29":1,"30":1,"31":1,"32":1,"33":1,"34":1,"35":1,"36":1,"37":2,"38":2,"39":1,"40":2,"41":2,"42":1,"43":2,"44":2,"45":1,"46":2,"47":2,"48":1,"49":1,"50":1,"51":1,"52":1},"b":{"1":[2,1,1,1],"2":[1,1,1,1],"3":[1,1],"4":[1,1],"5":[1,1],"6":[1,1],"7":[1,1],"8":[1,1],"9":[1,1,1],"10":[1,1],"11":[1,1],"12":[1,1],"13":[1,1],"14":[1,1],"15":[1,1],"16":[1,1]},"f":{"1":2,"2":2,"3":2,"4":2,"5":2,"6":1,"7":1,"8":2,"9":2,"10":2,"11":2,"12":1},"fnMap":{"1":{"name":"(anonymous_1)","line":12,"loc":{"start":{"line":12,"column":1},"end":{"line":12,"column":13}}},"2":{"name":"(anonymous_2)","line":19,"loc":{"start":{"line":19,"column":5},"end":{"line":19,"column":17}}},"3":{"name":"(anonymous_3)","line":23,"loc":{"start":{"line":23,"column":24},"end":{"line":23,"column":36}}},"4":{"name":"(anonymous_4)","line":61,"loc":{"start":{"line":61,"column":5},"end":{"line":61,"column":17}}},"5":{"name":"(anonymous_5)","line":82,"loc":{"start":{"line":82,"column":5},"end":{"line":82,"column":17}}},"6":{"name":"(anonymous_6)","line":102,"loc":{"start":{"line":102,"column":83},"end":{"line":105,"column":10}},"skip":true},"7":{"name":"(anonymous_7)","line":113,"loc":{"start":{"line":113,"column":77},"end":{"line":116,"column":10}},"skip":true},"8":{"name":"(anonymous_8)","line":129,"loc":{"start":{"line":129,"column":12},"end":{"line":129,"column":40}},"skip":true},"9":{"name":"(anonymous_9)","line":137,"loc":{"start":{"line":137,"column":77},"end":{"line":140,"column":10}},"skip":true},"10":{"name":"(anonymous_10)","line":148,"loc":{"start":{"line":148,"column":83},"end":{"line":151,"column":10}},"skip":true},"11":{"name":"(anonymous_11)","line":159,"loc":{"start":{"line":159,"column":79},"end":{"line":162,"column":10}},"skip":true},"12":{"name":"(anonymous_12)","line":170,"loc":{"start":{"line":170,"column":75},"end":{"line":173,"column":10}},"skip":true}},"statementMap":{"1":{"start":{"line":12,"column":0},"end":{"line":185,"column":5}},"2":{"start":{"line":14,"column":4},"end":{"line":14,"column":14}},"3":{"start":{"line":19,"column":4},"end":{"line":56,"column":9}},"4":{"start":{"line":21,"column":8},"end":{"line":21,"column":19}},"5":{"start":{"line":23,"column":8},"end":{"line":35,"column":13}},"6":{"start":{"line":24,"column":12},"end":{"line":34,"column":13}},"7":{"start":{"line":25,"column":16},"end":{"line":28,"column":30}},"8":{"start":{"line":30,"column":16},"end":{"line":33,"column":27}},"9":{"start":{"line":37,"column":8},"end":{"line":39,"column":21}},"10":{"start":{"line":40,"column":8},"end":{"line":53,"column":9}},"11":{"start":{"line":43,"column":12},"end":{"line":46,"column":14}},"12":{"start":{"line":47,"column":12},"end":{"line":47,"column":18}},"13":{"start":{"line":50,"column":12},"end":{"line":51,"column":46}},"14":{"start":{"line":52,"column":12},"end":{"line":52,"column":18}},"15":{"start":{"line":55,"column":8},"end":{"line":55,"column":35}},"16":{"start":{"line":61,"column":4},"end":{"line":63,"column":9}},"17":{"start":{"line":62,"column":8},"end":{"line":62,"column":15}},"18":{"start":{"line":64,"column":4},"end":{"line":77,"column":5}},"19":{"start":{"line":70,"column":8},"end":{"line":70,"column":14}},"20":{"start":{"line":76,"column":8},"end":{"line":76,"column":14}},"21":{"start":{"line":82,"column":4},"end":{"line":84,"column":9}},"22":{"start":{"line":83,"column":8},"end":{"line":83,"column":15}},"23":{"start":{"line":85,"column":4},"end":{"line":184,"column":5}},"24":{"start":{"line":92,"column":8},"end":{"line":94,"column":63}},"25":{"start":{"line":95,"column":8},"end":{"line":95,"column":14}},"26":{"start":{"line":102,"column":8},"end":{"line":111,"column":10},"skip":true},"27":{"start":{"line":109,"column":12},"end":{"line":109,"column":55},"skip":true},"28":{"start":{"line":110,"column":12},"end":{"line":110,"column":48},"skip":true},"29":{"start":{"line":113,"column":8},"end":{"line":126,"column":10},"skip":true},"30":{"start":{"line":120,"column":12},"end":{"line":120,"column":76},"skip":true},"31":{"start":{"line":121,"column":12},"end":{"line":121,"column":73},"skip":true},"32":{"start":{"line":122,"column":12},"end":{"line":122,"column":74},"skip":true},"33":{"start":{"line":123,"column":12},"end":{"line":123,"column":79},"skip":true},"34":{"start":{"line":124,"column":12},"end":{"line":124,"column":25},"skip":true},"35":{"start":{"line":125,"column":12},"end":{"line":125,"column":45},"skip":true},"36":{"start":{"line":128,"column":8},"end":{"line":135,"column":14},"skip":true},"37":{"start":{"line":133,"column":16},"end":{"line":133,"column":29},"skip":true},"38":{"start":{"line":134,"column":16},"end":{"line":134,"column":55},"skip":true},"39":{"start":{"line":137,"column":8},"end":{"line":146,"column":10},"skip":true},"40":{"start":{"line":144,"column":12},"end":{"line":144,"column":25},"skip":true},"41":{"start":{"line":145,"column":12},"end":{"line":145,"column":45},"skip":true},"42":{"start":{"line":148,"column":8},"end":{"line":157,"column":10},"skip":true},"43":{"start":{"line":155,"column":12},"end":{"line":155,"column":25},"skip":true},"44":{"start":{"line":156,"column":12},"end":{"line":156,"column":48},"skip":true},"45":{"start":{"line":159,"column":8},"end":{"line":168,"column":10},"skip":true},"46":{"start":{"line":166,"column":12},"end":{"line":166,"column":25},"skip":true},"47":{"start":{"line":167,"column":12},"end":{"line":167,"column":46},"skip":true},"48":{"start":{"line":170,"column":8},"end":{"line":179,"column":10},"skip":true},"49":{"start":{"line":177,"column":12},"end":{"line":177,"column":94},"skip":true},"50":{"start":{"line":178,"column":12},"end":{"line":178,"column":48},"skip":true},"51":{"start":{"line":182,"column":8},"end":{"line":182,"column":35},"skip":true},"52":{"start":{"line":183,"column":8},"end":{"line":183,"column":14},"skip":true}},"branchMap":{"1":{"line":25,"type":"binary-expr","locations":[{"start":{"line":25,"column":23},"end":{"line":25,"column":62}},{"start":{"line":26,"column":20},"end":{"line":26,"column":70}},{"start":{"line":27,"column":20},"end":{"line":27,"column":71}},{"start":{"line":28,"column":20},"end":{"line":28,"column":29}}]},"2":{"line":30,"type":"binary-expr","locations":[{"start":{"line":30,"column":23},"end":{"line":30,"column":37}},{"start":{"line":31,"column":20},"end":{"line":31,"column":61}},{"start":{"line":32,"column":20},"end":{"line":32,"column":70}},{"start":{"line":33,"column":20},"end":{"line":33,"column":26}}]},"3":{"line":37,"type":"cond-expr","locations":[{"start":{"line":38,"column":14},"end":{"line":38,"column":20}},{"start":{"line":39,"column":14},"end":{"line":39,"column":20}}]},"4":{"line":40,"type":"switch","locations":[{"start":{"line":42,"column":8},"end":{"line":47,"column":18}},{"start":{"line":49,"column":8},"end":{"line":52,"column":18}}]},"5":{"line":44,"type":"binary-expr","locations":[{"start":{"line":44,"column":16},"end":{"line":44,"column":44}},{"start":{"line":44,"column":48},"end":{"line":44,"column":66}}]},"6":{"line":50,"type":"binary-expr","locations":[{"start":{"line":50,"column":21},"end":{"line":50,"column":49}},{"start":{"line":50,"column":53},"end":{"line":50,"column":72}}]},"7":{"line":64,"type":"switch","locations":[{"start":{"line":69,"column":4},"end":{"line":70,"column":14}},{"start":{"line":75,"column":4},"end":{"line":76,"column":14}}]},"8":{"line":85,"type":"switch","locations":[{"start":{"line":90,"column":4},"end":{"line":95,"column":14}},{"start":{"line":101,"column":4},"end":{"line":183,"column":14},"skip":true}]},"9":{"line":92,"type":"binary-expr","locations":[{"start":{"line":92,"column":18},"end":{"line":92,"column":32}},{"start":{"line":93,"column":12},"end":{"line":93,"column":53}},{"start":{"line":94,"column":12},"end":{"line":94,"column":61}}]},"10":{"line":102,"type":"binary-expr","locations":[{"start":{"line":102,"column":45},"end":{"line":102,"column":79},"skip":true},{"start":{"line":102,"column":83},"end":{"line":111,"column":9},"skip":true}]},"11":{"line":113,"type":"binary-expr","locations":[{"start":{"line":113,"column":42},"end":{"line":113,"column":73},"skip":true},{"start":{"line":113,"column":77},"end":{"line":126,"column":9},"skip":true}]},"12":{"line":128,"type":"binary-expr","locations":[{"start":{"line":128,"column":48},"end":{"line":128,"column":85},"skip":true},{"start":{"line":129,"column":12},"end":{"line":135,"column":13},"skip":true}]},"13":{"line":137,"type":"binary-expr","locations":[{"start":{"line":137,"column":42},"end":{"line":137,"column":73},"skip":true},{"start":{"line":137,"column":77},"end":{"line":146,"column":9},"skip":true}]},"14":{"line":148,"type":"binary-expr","locations":[{"start":{"line":148,"column":45},"end":{"line":148,"column":79},"skip":true},{"start":{"line":148,"column":83},"end":{"line":157,"column":9},"skip":true}]},"15":{"line":159,"type":"binary-expr","locations":[{"start":{"line":159,"column":43},"end":{"line":159,"column":75},"skip":true},{"start":{"line":159,"column":79},"end":{"line":168,"column":9},"skip":true}]},"16":{"line":170,"type":"binary-expr","locations":[{"start":{"line":170,"column":41},"end":{"line":170,"column":71},"skip":true},{"start":{"line":170,"column":75},"end":{"line":179,"column":9},"skip":true}]}},"code":["/* istanbul instrument in package npmtest_instagram_realtime */","/*jslint","    bitwise: true,","    browser: true,","    maxerr: 8,","    maxlen: 96,","    node: true,","    nomen: true,","    regexp: true,","    stupid: true","*/","(function () {","    'use strict';","    var local;","","","","    // run shared js-env code - pre-init","    (function () {","        // init local","        local = {};","        // init modeJs","        local.modeJs = (function () {","            try {","                return typeof navigator.userAgent === 'string' &&","                    typeof document.querySelector('body') === 'object' &&","                    typeof XMLHttpRequest.prototype.open === 'function' &&","                    'browser';","            } catch (errorCaughtBrowser) {","                return module.exports &&","                    typeof process.versions.node === 'string' &&","                    typeof require('http').createServer === 'function' &&","                    'node';","            }","        }());","        // init global","        local.global = local.modeJs === 'browser'","            ? window","            : global;","        switch (local.modeJs) {","        // re-init local from window.local","        case 'browser':","            local = local.global.utility2.objectSetDefault(","                local.global.utility2_rollup || local.global.local,","                local.global.utility2","            );","            break;","        // re-init local from example.js","        case 'node':","            local = (local.global.utility2_rollup || require('utility2'))","                .requireExampleJsFromReadme();","            break;","        }","        // export local","        local.global.local = local;","    }());","","","","    // run shared js-env code - function","    (function () {","        return;","    }());","    switch (local.modeJs) {","","","","    // run browser js-env code - function","    case 'browser':","        break;","","","","    // run node js-env code - function","    case 'node':","        break;","    }","","","","    // run shared js-env code - post-init","    (function () {","        return;","    }());","    switch (local.modeJs) {","","","","    // run browser js-env code - post-init","    case 'browser':","        // run tests","        local.nop(local.modeTest &&","            document.querySelector('#testRunButton1') &&","            document.querySelector('#testRunButton1').click());","        break;","","","","    // run node js-env code - post-init","    /* istanbul ignore next */","    case 'node':","        local.testCase_buildApidoc_default = local.testCase_buildApidoc_default || function (","            options,","            onError","        ) {","        /*","         * this function will test buildApidoc's default handling-behavior-behavior","         */","            options = { modulePathList: module.paths };","            local.buildApidoc(options, onError);","        };","","        local.testCase_buildApp_default = local.testCase_buildApp_default || function (","            options,","            onError","        ) {","        /*","         * this function will test buildApp's default handling-behavior-behavior","         */","            local.testCase_buildReadme_default(options, local.onErrorThrow);","            local.testCase_buildLib_default(options, local.onErrorThrow);","            local.testCase_buildTest_default(options, local.onErrorThrow);","            local.testCase_buildCustomOrg_default(options, local.onErrorThrow);","            options = [];","            local.buildApp(options, onError);","        };","","        local.testCase_buildCustomOrg_default = local.testCase_buildCustomOrg_default ||","            function (options, onError) {","            /*","             * this function will test buildCustomOrg's default handling-behavior","             */","                options = {};","                local.buildCustomOrg(options, onError);","            };","","        local.testCase_buildLib_default = local.testCase_buildLib_default || function (","            options,","            onError","        ) {","        /*","         * this function will test buildLib's default handling-behavior","         */","            options = {};","            local.buildLib(options, onError);","        };","","        local.testCase_buildReadme_default = local.testCase_buildReadme_default || function (","            options,","            onError","        ) {","        /*","         * this function will test buildReadme's default handling-behavior-behavior","         */","            options = {};","            local.buildReadme(options, onError);","        };","","        local.testCase_buildTest_default = local.testCase_buildTest_default || function (","            options,","            onError","        ) {","        /*","         * this function will test buildTest's default handling-behavior","         */","            options = {};","            local.buildTest(options, onError);","        };","","        local.testCase_webpage_default = local.testCase_webpage_default || function (","            options,","            onError","        ) {","        /*","         * this function will test webpage's default handling-behavior","         */","            options = { modeCoverageMerge: true, url: local.serverLocalHost + '?modeTest=1' };","            local.browserTest(options, onError);","        };","","        // run test-server","        local.testRunServer(local);","        break;","    }","}());",""],"l":{"12":2,"14":2,"19":2,"21":2,"23":2,"24":2,"25":2,"30":1,"37":2,"40":2,"43":1,"47":1,"50":1,"52":1,"55":2,"61":2,"62":2,"64":2,"70":1,"76":1,"82":2,"83":2,"85":2,"92":1,"95":1,"102":1,"109":1,"110":1,"113":1,"120":1,"121":1,"122":1,"123":1,"124":1,"125":1,"128":1,"133":2,"134":2,"137":1,"144":2,"145":2,"148":1,"155":2,"156":2,"159":1,"166":2,"167":2,"170":1,"177":1,"178":1,"182":1,"183":1}},"/home/travis/build/npmtest/node-npmtest-instagram-realtime/lib.npmtest_instagram_realtime.js":{"path":"/home/travis/build/npmtest/node-npmtest-instagram-realtime/lib.npmtest_instagram_realtime.js","s":{"1":2,"2":2,"3":2,"4":2,"5":2,"6":2,"7":2,"8":1,"9":2,"10":2,"11":2,"12":2,"13":1,"14":1,"15":1,"16":1},"b":{"1":[2,1,1,1],"2":[1,1,1,1],"3":[1,1],"4":[2,2],"5":[1,1]},"f":{"1":2,"2":2,"3":2},"fnMap":{"1":{"name":"(anonymous_1)","line":12,"loc":{"start":{"line":12,"column":1},"end":{"line":12,"column":13}}},"2":{"name":"(anonymous_2)","line":19,"loc":{"start":{"line":19,"column":5},"end":{"line":19,"column":17}}},"3":{"name":"(anonymous_3)","line":23,"loc":{"start":{"line":23,"column":24},"end":{"line":23,"column":36}}}},"statementMap":{"1":{"start":{"line":12,"column":0},"end":{"line":53,"column":5}},"2":{"start":{"line":14,"column":4},"end":{"line":14,"column":14}},"3":{"start":{"line":19,"column":4},"end":{"line":52,"column":9}},"4":{"start":{"line":21,"column":8},"end":{"line":21,"column":19}},"5":{"start":{"line":23,"column":8},"end":{"line":35,"column":13}},"6":{"start":{"line":24,"column":12},"end":{"line":34,"column":13}},"7":{"start":{"line":25,"column":16},"end":{"line":28,"column":30}},"8":{"start":{"line":30,"column":16},"end":{"line":33,"column":27}},"9":{"start":{"line":37,"column":8},"end":{"line":39,"column":21}},"10":{"start":{"line":41,"column":8},"end":{"line":41,"column":54}},"11":{"start":{"line":43,"column":8},"end":{"line":43,"column":63}},"12":{"start":{"line":45,"column":8},"end":{"line":51,"column":9}},"13":{"start":{"line":46,"column":12},"end":{"line":46,"column":69}},"14":{"start":{"line":48,"column":12},"end":{"line":48,"column":35}},"15":{"start":{"line":49,"column":12},"end":{"line":49,"column":49}},"16":{"start":{"line":50,"column":12},"end":{"line":50,"column":43}}},"branchMap":{"1":{"line":25,"type":"binary-expr","locations":[{"start":{"line":25,"column":23},"end":{"line":25,"column":62}},{"start":{"line":26,"column":20},"end":{"line":26,"column":70}},{"start":{"line":27,"column":20},"end":{"line":27,"column":71}},{"start":{"line":28,"column":20},"end":{"line":28,"column":29}}]},"2":{"line":30,"type":"binary-expr","locations":[{"start":{"line":30,"column":23},"end":{"line":30,"column":37}},{"start":{"line":31,"column":20},"end":{"line":31,"column":61}},{"start":{"line":32,"column":20},"end":{"line":32,"column":70}},{"start":{"line":33,"column":20},"end":{"line":33,"column":26}}]},"3":{"line":37,"type":"cond-expr","locations":[{"start":{"line":38,"column":14},"end":{"line":38,"column":20}},{"start":{"line":39,"column":14},"end":{"line":39,"column":20}}]},"4":{"line":41,"type":"binary-expr","locations":[{"start":{"line":41,"column":16},"end":{"line":41,"column":44}},{"start":{"line":41,"column":48},"end":{"line":41,"column":53}}]},"5":{"line":45,"type":"if","locations":[{"start":{"line":45,"column":8},"end":{"line":45,"column":8}},{"start":{"line":45,"column":8},"end":{"line":45,"column":8}}]}},"code":["/* istanbul instrument in package npmtest_instagram_realtime */","/*jslint","    bitwise: true,","    browser: true,","    maxerr: 8,","    maxlen: 96,","    node: true,","    nomen: true,","    regexp: true,","    stupid: true","*/","(function () {","    'use strict';","    var local;","","","","    // run shared js-env code - pre-init","    (function () {","        // init local","        local = {};","        // init modeJs","        local.modeJs = (function () {","            try {","                return typeof navigator.userAgent === 'string' &&","                    typeof document.querySelector('body') === 'object' &&","                    typeof XMLHttpRequest.prototype.open === 'function' &&","                    'browser';","            } catch (errorCaughtBrowser) {","                return module.exports &&","                    typeof process.versions.node === 'string' &&","                    typeof require('http').createServer === 'function' &&","                    'node';","            }","        }());","        // init global","        local.global = local.modeJs === 'browser'","            ? window","            : global;","        // init utility2_rollup","        local = local.global.utility2_rollup || local;","        // init lib","        local.local = local.npmtest_instagram_realtime = local;","        // init exports","        if (local.modeJs === 'browser') {","            local.global.utility2_npmtest_instagram_realtime = local;","        } else {","            module.exports = local;","            module.exports.__dirname = __dirname;","            module.exports.module = module;","        }","    }());","}());",""],"l":{"12":2,"14":2,"19":2,"21":2,"23":2,"24":2,"25":2,"30":1,"37":2,"41":2,"43":2,"45":2,"46":1,"48":1,"49":1,"50":1}},"/home/travis/build/npmtest/node-npmtest-instagram-realtime/example.js":{"path":"/home/travis/build/npmtest/node-npmtest-instagram-realtime/example.js","s":{"1":2,"2":2,"3":2,"4":2,"5":2,"6":2,"7":2,"8":1,"9":2,"10":2,"11":2,"12":2,"13":1,"14":2,"15":2,"16":2,"17":2,"18":2,"19":0,"20":2,"21":1,"22":1,"23":1,"24":1,"25":1,"26":0,"27":0,"28":1,"29":1,"30":2,"31":0,"32":0,"33":0,"34":1,"35":2,"36":2,"37":2,"38":2,"39":2,"40":2,"41":0,"42":2,"43":2,"44":2,"45":1,"46":3,"47":1,"48":1,"49":1,"50":1,"51":1,"52":1,"53":1,"54":1,"55":1,"56":1,"57":0,"58":1,"59":6,"60":6,"61":1,"62":2,"63":0,"64":2,"65":1,"66":1,"67":0,"68":0,"69":0,"70":0,"71":0,"72":0,"73":0,"74":0,"75":0,"76":0,"77":0,"78":0,"79":0,"80":0,"81":0,"82":0,"83":0},"b":{"1":[2,1,1,1],"2":[1,1,1,1],"3":[1,1],"4":[2,2],"5":[1,1],"6":[1,1],"7":[2,0],"8":[2,1,1,1,1,1],"9":[0,2,0],"10":[1,1],"11":[2,1,1],"12":[1,0],"13":[0,2],"14":[2,0,0,0,0,0,0],"15":[0,2],"16":[2,0],"17":[1,1],"18":[0,1],"19":[1,2,0,2],"20":[1,0],"21":[1,1],"22":[0,0],"23":[0,0],"24":[0,0],"25":[0,0],"26":[0,0],"27":[0,0],"28":[0,0]},"f":{"1":2,"2":2,"3":2,"4":2,"5":2,"6":2,"7":2,"8":2,"9":3,"10":1,"11":6,"12":0},"fnMap":{"1":{"name":"(anonymous_1)","line":26,"loc":{"start":{"line":26,"column":1},"end":{"line":26,"column":13}}},"2":{"name":"(anonymous_2)","line":33,"loc":{"start":{"line":33,"column":5},"end":{"line":33,"column":17}}},"3":{"name":"(anonymous_3)","line":37,"loc":{"start":{"line":37,"column":24},"end":{"line":37,"column":36}}},"4":{"name":"(anonymous_4)","line":69,"loc":{"start":{"line":69,"column":31},"end":{"line":69,"column":48}},"skip":true},"5":{"name":"(anonymous_5)","line":78,"loc":{"start":{"line":78,"column":26},"end":{"line":78,"column":45}},"skip":true},"6":{"name":"(anonymous_6)","line":123,"loc":{"start":{"line":123,"column":33},"end":{"line":123,"column":48}},"skip":true},"7":{"name":"(anonymous_7)","line":125,"loc":{"start":{"line":125,"column":27},"end":{"line":125,"column":39}},"skip":true},"8":{"name":"(anonymous_8)","line":133,"loc":{"start":{"line":133,"column":59},"end":{"line":133,"column":74}},"skip":true},"9":{"name":"(anonymous_9)","line":143,"loc":{"start":{"line":143,"column":45},"end":{"line":143,"column":62}},"skip":true},"10":{"name":"(anonymous_10)","line":144,"loc":{"start":{"line":144,"column":73},"end":{"line":144,"column":92}},"skip":true},"11":{"name":"(anonymous_11)","line":272,"loc":{"start":{"line":272,"column":51},"end":{"line":272,"column":77}},"skip":true},"12":{"name":"(anonymous_12)","line":314,"loc":{"start":{"line":314,"column":32},"end":{"line":314,"column":61}},"skip":true}},"statementMap":{"1":{"start":{"line":26,"column":0},"end":{"line":325,"column":5}},"2":{"start":{"line":28,"column":4},"end":{"line":28,"column":14}},"3":{"start":{"line":33,"column":4},"end":{"line":60,"column":9}},"4":{"start":{"line":35,"column":8},"end":{"line":35,"column":19}},"5":{"start":{"line":37,"column":8},"end":{"line":49,"column":13}},"6":{"start":{"line":38,"column":12},"end":{"line":48,"column":13}},"7":{"start":{"line":39,"column":16},"end":{"line":42,"column":30}},"8":{"start":{"line":44,"column":16},"end":{"line":47,"column":27}},"9":{"start":{"line":51,"column":8},"end":{"line":53,"column":21}},"10":{"start":{"line":55,"column":8},"end":{"line":57,"column":45}},"11":{"start":{"line":59,"column":8},"end":{"line":59,"column":35}},"12":{"start":{"line":61,"column":4},"end":{"line":324,"column":5}},"13":{"start":{"line":69,"column":8},"end":{"line":121,"column":10},"skip":true},"14":{"start":{"line":70,"column":12},"end":{"line":88,"column":13},"skip":true},"15":{"start":{"line":76,"column":16},"end":{"line":87,"column":19},"skip":true},"16":{"start":{"line":79,"column":20},"end":{"line":86,"column":21},"skip":true},"17":{"start":{"line":82,"column":24},"end":{"line":82,"column":43},"skip":true},"18":{"start":{"line":83,"column":24},"end":{"line":83,"column":30},"skip":true},"19":{"start":{"line":85,"column":24},"end":{"line":85,"column":49},"skip":true},"20":{"start":{"line":89,"column":12},"end":{"line":107,"column":13},"skip":true},"21":{"start":{"line":92,"column":16},"end":{"line":102,"column":17},"skip":true},"22":{"start":{"line":93,"column":20},"end":{"line":93,"column":86},"skip":true},"23":{"start":{"line":94,"column":20},"end":{"line":95,"column":45},"skip":true},"24":{"start":{"line":96,"column":20},"end":{"line":96,"column":42},"skip":true},"25":{"start":{"line":97,"column":20},"end":{"line":97,"column":48},"skip":true},"26":{"start":{"line":100,"column":20},"end":{"line":100,"column":85},"skip":true},"27":{"start":{"line":101,"column":20},"end":{"line":101,"column":96},"skip":true},"28":{"start":{"line":103,"column":16},"end":{"line":103,"column":22},"skip":true},"29":{"start":{"line":106,"column":16},"end":{"line":106,"column":22},"skip":true},"30":{"start":{"line":108,"column":12},"end":{"line":120,"column":13},"skip":true},"31":{"start":{"line":114,"column":16},"end":{"line":119,"column":17},"skip":true},"32":{"start":{"line":116,"column":20},"end":{"line":116,"column":78},"skip":true},"33":{"start":{"line":118,"column":20},"end":{"line":118,"column":47},"skip":true},"34":{"start":{"line":123,"column":8},"end":{"line":141,"column":11},"skip":true},"35":{"start":{"line":124,"column":12},"end":{"line":124,"column":54},"skip":true},"36":{"start":{"line":125,"column":12},"end":{"line":140,"column":14},"skip":true},"37":{"start":{"line":126,"column":16},"end":{"line":126,"column":28},"skip":true},"38":{"start":{"line":127,"column":16},"end":{"line":127,"column":69},"skip":true},"39":{"start":{"line":128,"column":16},"end":{"line":128,"column":75},"skip":true},"40":{"start":{"line":129,"column":16},"end":{"line":131,"column":17},"skip":true},"41":{"start":{"line":130,"column":20},"end":{"line":130,"column":27},"skip":true},"42":{"start":{"line":133,"column":16},"end":{"line":137,"column":36},"skip":true},"43":{"start":{"line":134,"column":20},"end":{"line":136,"column":55},"skip":true},"44":{"start":{"line":139,"column":16},"end":{"line":139,"column":57},"skip":true},"45":{"start":{"line":143,"column":8},"end":{"line":147,"column":11},"skip":true},"46":{"start":{"line":144,"column":12},"end":{"line":146,"column":15},"skip":true},"47":{"start":{"line":145,"column":16},"end":{"line":145,"column":70},"skip":true},"48":{"start":{"line":149,"column":8},"end":{"line":149,"column":31},"skip":true},"49":{"start":{"line":150,"column":8},"end":{"line":150,"column":14},"skip":true},"50":{"start":{"line":158,"column":8},"end":{"line":158,"column":31},"skip":true},"51":{"start":{"line":160,"column":8},"end":{"line":160,"column":33},"skip":true},"52":{"start":{"line":161,"column":8},"end":{"line":161,"column":37},"skip":true},"53":{"start":{"line":162,"column":8},"end":{"line":162,"column":35},"skip":true},"54":{"start":{"line":164,"column":8},"end":{"line":164,"column":50},"skip":true},"55":{"start":{"line":166,"column":8},"end":{"line":256,"column":2},"skip":true},"56":{"start":{"line":258,"column":8},"end":{"line":286,"column":9},"skip":true},"57":{"start":{"line":259,"column":12},"end":{"line":269,"column":14},"skip":true},"58":{"start":{"line":271,"column":12},"end":{"line":285,"column":19},"skip":true},"59":{"start":{"line":274,"column":20},"end":{"line":274,"column":35},"skip":true},"60":{"start":{"line":275,"column":20},"end":{"line":284,"column":21},"skip":true},"61":{"start":{"line":277,"column":24},"end":{"line":277,"column":64},"skip":true},"62":{"start":{"line":279,"column":24},"end":{"line":279,"column":40},"skip":true},"63":{"start":{"line":281,"column":24},"end":{"line":281,"column":40},"skip":true},"64":{"start":{"line":283,"column":24},"end":{"line":283,"column":39},"skip":true},"65":{"start":{"line":288,"column":8},"end":{"line":290,"column":9},"skip":true},"66":{"start":{"line":289,"column":12},"end":{"line":289,"column":18},"skip":true},"67":{"start":{"line":291,"column":8},"end":{"line":293,"column":54},"skip":true},"68":{"start":{"line":294,"column":8},"end":{"line":301,"column":37},"skip":true},"69":{"start":{"line":302,"column":8},"end":{"line":302,"column":82},"skip":true},"70":{"start":{"line":305,"column":8},"end":{"line":307,"column":9},"skip":true},"71":{"start":{"line":306,"column":12},"end":{"line":306,"column":82},"skip":true},"72":{"start":{"line":309,"column":8},"end":{"line":311,"column":9},"skip":true},"73":{"start":{"line":310,"column":12},"end":{"line":310,"column":18},"skip":true},"74":{"start":{"line":312,"column":8},"end":{"line":312,"column":54},"skip":true},"75":{"start":{"line":313,"column":8},"end":{"line":313,"column":69},"skip":true},"76":{"start":{"line":314,"column":8},"end":{"line":322,"column":36},"skip":true},"77":{"start":{"line":315,"column":12},"end":{"line":315,"column":61},"skip":true},"78":{"start":{"line":316,"column":12},"end":{"line":319,"column":13},"skip":true},"79":{"start":{"line":317,"column":16},"end":{"line":317,"column":75},"skip":true},"80":{"start":{"line":318,"column":16},"end":{"line":318,"column":23},"skip":true},"81":{"start":{"line":320,"column":12},"end":{"line":320,"column":38},"skip":true},"82":{"start":{"line":321,"column":12},"end":{"line":321,"column":27},"skip":true},"83":{"start":{"line":323,"column":8},"end":{"line":323,"column":14},"skip":true}},"branchMap":{"1":{"line":39,"type":"binary-expr","locations":[{"start":{"line":39,"column":23},"end":{"line":39,"column":62}},{"start":{"line":40,"column":20},"end":{"line":40,"column":70}},{"start":{"line":41,"column":20},"end":{"line":41,"column":71}},{"start":{"line":42,"column":20},"end":{"line":42,"column":29}}]},"2":{"line":44,"type":"binary-expr","locations":[{"start":{"line":44,"column":23},"end":{"line":44,"column":37}},{"start":{"line":45,"column":20},"end":{"line":45,"column":61}},{"start":{"line":46,"column":20},"end":{"line":46,"column":70}},{"start":{"line":47,"column":20},"end":{"line":47,"column":26}}]},"3":{"line":51,"type":"cond-expr","locations":[{"start":{"line":52,"column":14},"end":{"line":52,"column":20}},{"start":{"line":53,"column":14},"end":{"line":53,"column":20}}]},"4":{"line":55,"type":"binary-expr","locations":[{"start":{"line":55,"column":16},"end":{"line":55,"column":44}},{"start":{"line":55,"column":49},"end":{"line":57,"column":43}}]},"5":{"line":55,"type":"cond-expr","locations":[{"start":{"line":56,"column":14},"end":{"line":56,"column":62}},{"start":{"line":57,"column":14},"end":{"line":57,"column":43}}]},"6":{"line":61,"type":"switch","locations":[{"start":{"line":68,"column":4},"end":{"line":150,"column":14},"skip":true},{"start":{"line":156,"column":4},"end":{"line":323,"column":14},"skip":true}]},"7":{"line":70,"type":"if","locations":[{"start":{"line":70,"column":12},"end":{"line":70,"column":12},"skip":true},{"start":{"line":70,"column":12},"end":{"line":70,"column":12},"skip":true}]},"8":{"line":70,"type":"binary-expr","locations":[{"start":{"line":70,"column":16},"end":{"line":70,"column":22},"skip":true},{"start":{"line":70,"column":27},"end":{"line":70,"column":32},"skip":true},{"start":{"line":71,"column":20},"end":{"line":71,"column":39},"skip":true},{"start":{"line":72,"column":20},"end":{"line":72,"column":49},"skip":true},{"start":{"line":73,"column":20},"end":{"line":73,"column":58},"skip":true},{"start":{"line":74,"column":20},"end":{"line":74,"column":69},"skip":true}]},"9":{"line":79,"type":"switch","locations":[{"start":{"line":80,"column":20},"end":{"line":80,"column":33},"skip":true},{"start":{"line":81,"column":20},"end":{"line":83,"column":30},"skip":true},{"start":{"line":84,"column":20},"end":{"line":85,"column":49},"skip":true}]},"10":{"line":89,"type":"switch","locations":[{"start":{"line":90,"column":12},"end":{"line":103,"column":22},"skip":true},{"start":{"line":105,"column":12},"end":{"line":106,"column":22},"skip":true}]},"11":{"line":89,"type":"binary-expr","locations":[{"start":{"line":89,"column":20},"end":{"line":89,"column":25},"skip":true},{"start":{"line":89,"column":29},"end":{"line":89,"column":48},"skip":true},{"start":{"line":89,"column":52},"end":{"line":89,"column":74},"skip":true}]},"12":{"line":92,"type":"if","locations":[{"start":{"line":92,"column":16},"end":{"line":92,"column":16},"skip":true},{"start":{"line":92,"column":16},"end":{"line":92,"column":16},"skip":true}]},"13":{"line":108,"type":"if","locations":[{"start":{"line":108,"column":12},"end":{"line":108,"column":12},"skip":true},{"start":{"line":108,"column":12},"end":{"line":108,"column":12},"skip":true}]},"14":{"line":108,"type":"binary-expr","locations":[{"start":{"line":108,"column":16},"end":{"line":108,"column":61},"skip":true},{"start":{"line":108,"column":66},"end":{"line":108,"column":72},"skip":true},{"start":{"line":108,"column":77},"end":{"line":108,"column":82},"skip":true},{"start":{"line":109,"column":20},"end":{"line":109,"column":39},"skip":true},{"start":{"line":110,"column":20},"end":{"line":110,"column":49},"skip":true},{"start":{"line":111,"column":20},"end":{"line":111,"column":58},"skip":true},{"start":{"line":112,"column":20},"end":{"line":112,"column":68},"skip":true}]},"15":{"line":129,"type":"if","locations":[{"start":{"line":129,"column":16},"end":{"line":129,"column":16},"skip":true},{"start":{"line":129,"column":16},"end":{"line":129,"column":16},"skip":true}]},"16":{"line":134,"type":"cond-expr","locations":[{"start":{"line":135,"column":26},"end":{"line":135,"column":29},"skip":true},{"start":{"line":136,"column":26},"end":{"line":136,"column":54},"skip":true}]},"17":{"line":164,"type":"binary-expr","locations":[{"start":{"line":164,"column":27},"end":{"line":164,"column":43},"skip":true},{"start":{"line":164,"column":47},"end":{"line":164,"column":49},"skip":true}]},"18":{"line":258,"type":"if","locations":[{"start":{"line":258,"column":8},"end":{"line":258,"column":8},"skip":true},{"start":{"line":258,"column":8},"end":{"line":258,"column":8},"skip":true}]},"19":{"line":275,"type":"switch","locations":[{"start":{"line":276,"column":20},"end":{"line":277,"column":64},"skip":true},{"start":{"line":278,"column":20},"end":{"line":279,"column":40},"skip":true},{"start":{"line":280,"column":20},"end":{"line":281,"column":40},"skip":true},{"start":{"line":282,"column":20},"end":{"line":283,"column":39},"skip":true}]},"20":{"line":288,"type":"if","locations":[{"start":{"line":288,"column":8},"end":{"line":288,"column":8},"skip":true},{"start":{"line":288,"column":8},"end":{"line":288,"column":8},"skip":true}]},"21":{"line":288,"type":"binary-expr","locations":[{"start":{"line":288,"column":12},"end":{"line":288,"column":40},"skip":true},{"start":{"line":288,"column":44},"end":{"line":288,"column":67},"skip":true}]},"22":{"line":292,"type":"binary-expr","locations":[{"start":{"line":292,"column":12},"end":{"line":292,"column":50},"skip":true},{"start":{"line":293,"column":12},"end":{"line":293,"column":53},"skip":true}]},"23":{"line":295,"type":"binary-expr","locations":[{"start":{"line":295,"column":12},"end":{"line":295,"column":76},"skip":true},{"start":{"line":296,"column":12},"end":{"line":301,"column":36},"skip":true}]},"24":{"line":302,"type":"binary-expr","locations":[{"start":{"line":302,"column":43},"end":{"line":302,"column":75},"skip":true},{"start":{"line":302,"column":79},"end":{"line":302,"column":81},"skip":true}]},"25":{"line":305,"type":"if","locations":[{"start":{"line":305,"column":8},"end":{"line":305,"column":8},"skip":true},{"start":{"line":305,"column":8},"end":{"line":305,"column":8},"skip":true}]},"26":{"line":309,"type":"if","locations":[{"start":{"line":309,"column":8},"end":{"line":309,"column":8},"skip":true},{"start":{"line":309,"column":8},"end":{"line":309,"column":8},"skip":true}]},"27":{"line":312,"type":"binary-expr","locations":[{"start":{"line":312,"column":27},"end":{"line":312,"column":43},"skip":true},{"start":{"line":312,"column":47},"end":{"line":312,"column":53},"skip":true}]},"28":{"line":316,"type":"if","locations":[{"start":{"line":316,"column":12},"end":{"line":316,"column":12},"skip":true},{"start":{"line":316,"column":12},"end":{"line":316,"column":12},"skip":true}]}},"code":["/*","example.js","","quickstart example","","instruction","    1. save this script as example.js","    2. run the shell command:","        $ npm install npmtest-instagram-realtime && PORT=8081 node example.js","    3. play with the browser-demo on http://127.0.0.1:8081","*/","","","","/* istanbul instrument in package npmtest_instagram_realtime */","/*jslint","    bitwise: true,","    browser: true,","    maxerr: 8,","    maxlen: 96,","    node: true,","    nomen: true,","    regexp: true,","    stupid: true","*/","(function () {","    'use strict';","    var local;","","","","    // run shared js-env code - pre-init","    (function () {","        // init local","        local = {};","        // init modeJs","        local.modeJs = (function () {","            try {","                return typeof navigator.userAgent === 'string' &&","                    typeof document.querySelector('body') === 'object' &&","                    typeof XMLHttpRequest.prototype.open === 'function' &&","                    'browser';","            } catch (errorCaughtBrowser) {","                return module.exports &&","                    typeof process.versions.node === 'string' &&","                    typeof require('http').createServer === 'function' &&","                    'node';","            }","        }());","        // init global","        local.global = local.modeJs === 'browser'","            ? window","            : global;","        // init utility2_rollup","        local = local.global.utility2_rollup || (local.modeJs === 'browser'","            ? local.global.utility2_npmtest_instagram_realtime","            : global.utility2_moduleExports);","        // export local","        local.global.local = local;","    }());","    switch (local.modeJs) {","","","","    // post-init","    // run browser js-env code - post-init","    /* istanbul ignore next */","    case 'browser':","        local.testRunBrowser = function (event) {","            if (!event || (event &&","                    event.currentTarget &&","                    event.currentTarget.className &&","                    event.currentTarget.className.includes &&","                    event.currentTarget.className.includes('onreset'))) {","                // reset output","                Array.from(","                    document.querySelectorAll('body > .resettable')","                ).forEach(function (element) {","                    switch (element.tagName) {","                    case 'INPUT':","                    case 'TEXTAREA':","                        element.value = '';","                        break;","                    default:","                        element.textContent = '';","                    }","                });","            }","            switch (event && event.currentTarget && event.currentTarget.id) {","            case 'testRunButton1':","                // show tests","                if (document.querySelector('#testReportDiv1').style.display === 'none') {","                    document.querySelector('#testReportDiv1').style.display = 'block';","                    document.querySelector('#testRunButton1').textContent =","                        'hide internal test';","                    local.modeTest = true;","                    local.testRunDefault(local);","                // hide tests","                } else {","                    document.querySelector('#testReportDiv1').style.display = 'none';","                    document.querySelector('#testRunButton1').textContent = 'run internal test';","                }","                break;","            // custom-case","            default:","                break;","            }","            if (document.querySelector('#inputTextareaEval1') && (!event || (event &&","                    event.currentTarget &&","                    event.currentTarget.className &&","                    event.currentTarget.className.includes &&","                    event.currentTarget.className.includes('oneval')))) {","                // try to eval input-code","                try {","                    /*jslint evil: true*/","                    eval(document.querySelector('#inputTextareaEval1').value);","                } catch (errorCaught) {","                    console.error(errorCaught);","                }","            }","        };","        // log stderr and stdout to #outputTextareaStdout1","        ['error', 'log'].forEach(function (key) {","            console[key + '_original'] = console[key];","            console[key] = function () {","                var element;","                console[key + '_original'].apply(console, arguments);","                element = document.querySelector('#outputTextareaStdout1');","                if (!element) {","                    return;","                }","                // append text to #outputTextareaStdout1","                element.value += Array.from(arguments).map(function (arg) {","                    return typeof arg === 'string'","                        ? arg","                        : JSON.stringify(arg, null, 4);","                }).join(' ') + '\\n';","                // scroll textarea to bottom","                element.scrollTop = element.scrollHeight;","            };","        });","        // init event-handling","        ['change', 'click', 'keyup'].forEach(function (event) {","            Array.from(document.querySelectorAll('.on' + event)).forEach(function (element) {","                element.addEventListener(event, local.testRunBrowser);","            });","        });","        // run tests","        local.testRunBrowser();","        break;","","","","    // run node js-env code - post-init","    /* istanbul ignore next */","    case 'node':","        // export local","        module.exports = local;","        // require modules","        local.fs = require('fs');","        local.http = require('http');","        local.url = require('url');","        // init assets","        local.assetsDict = local.assetsDict || {};","        /* jslint-ignore-begin */","        local.assetsDict['/assets.index.template.html'] = '\\","<!doctype html>\\n\\","<html lang=\"en\">\\n\\","<head>\\n\\","<meta charset=\"UTF-8\">\\n\\","<meta name=\"viewport\" content=\"width=device-width, initial-scale=1\">\\n\\","<title>{{env.npm_package_name}} (v{{env.npm_package_version}})</title>\\n\\","<style>\\n\\","/*csslint\\n\\","    box-sizing: false,\\n\\","    universal-selector: false\\n\\","*/\\n\\","* {\\n\\","    box-sizing: border-box;\\n\\","}\\n\\","body {\\n\\","    background: #dde;\\n\\","    font-family: Arial, Helvetica, sans-serif;\\n\\","    margin: 2rem;\\n\\","}\\n\\","body > * {\\n\\","    margin-bottom: 1rem;\\n\\","}\\n\\",".utility2FooterDiv {\\n\\","    margin-top: 20px;\\n\\","    text-align: center;\\n\\","}\\n\\","</style>\\n\\","<style>\\n\\","/*csslint\\n\\","*/\\n\\","textarea {\\n\\","    font-family: monospace;\\n\\","    height: 10rem;\\n\\","    width: 100%;\\n\\","}\\n\\","textarea[readonly] {\\n\\","    background: #ddd;\\n\\","}\\n\\","</style>\\n\\","</head>\\n\\","<body>\\n\\","<!-- utility2-comment\\n\\","<div id=\"ajaxProgressDiv1\" style=\"background: #d00; height: 2px; left: 0; margin: 0; padding: 0; position: fixed; top: 0; transition: background 0.5s, width 1.5s; width: 25%;\"></div>\\n\\","utility2-comment -->\\n\\","<h1>\\n\\","<!-- utility2-comment\\n\\","    <a\\n\\","        {{#if env.npm_package_homepage}}\\n\\","        href=\"{{env.npm_package_homepage}}\"\\n\\","        {{/if env.npm_package_homepage}}\\n\\","        target=\"_blank\"\\n\\","    >\\n\\","utility2-comment -->\\n\\","        {{env.npm_package_name}} (v{{env.npm_package_version}})\\n\\","<!-- utility2-comment\\n\\","    </a>\\n\\","utility2-comment -->\\n\\","</h1>\\n\\","<h3>{{env.npm_package_description}}</h3>\\n\\","<!-- utility2-comment\\n\\","<h4><a download href=\"assets.app.js\">download standalone app</a></h4>\\n\\","<button class=\"onclick onreset\" id=\"testRunButton1\">run internal test</button><br>\\n\\","<div id=\"testReportDiv1\" style=\"display: none;\"></div>\\n\\","utility2-comment -->\\n\\","\\n\\","\\n\\","\\n\\","<label>stderr and stdout</label>\\n\\","<textarea class=\"resettable\" id=\"outputTextareaStdout1\" readonly></textarea>\\n\\","<!-- utility2-comment\\n\\","{{#if isRollup}}\\n\\","<script src=\"assets.app.js\"></script>\\n\\","{{#unless isRollup}}\\n\\","utility2-comment -->\\n\\","<script src=\"assets.utility2.rollup.js\"></script>\\n\\","<script src=\"jsonp.utility2._stateInit?callback=window.utility2._stateInit\"></script>\\n\\","<script src=\"assets.npmtest_instagram_realtime.rollup.js\"></script>\\n\\","<script src=\"assets.example.js\"></script>\\n\\","<script src=\"assets.test.js\"></script>\\n\\","<!-- utility2-comment\\n\\","{{/if isRollup}}\\n\\","utility2-comment -->\\n\\","<div class=\"utility2FooterDiv\">\\n\\","    [ this app was created with\\n\\","    <a href=\"https://github.com/kaizhu256/node-utility2\" target=\"_blank\">utility2</a>\\n\\","    ]\\n\\","</div>\\n\\","</body>\\n\\","</html>\\n\\","';","        /* jslint-ignore-end */","        if (local.templateRender) {","            local.assetsDict['/'] = local.templateRender(","                local.assetsDict['/assets.index.template.html'],","                {","                    env: local.objectSetDefault(local.env, {","                        npm_package_description: 'the greatest app in the world!',","                        npm_package_name: 'my-app',","                        npm_package_nameAlias: 'my_app',","                        npm_package_version: '0.0.1'","                    })","                }","            );","        } else {","            local.assetsDict['/'] = local.assetsDict['/assets.index.template.html']","                .replace((/\\{\\{env\\.(\\w+?)\\}\\}/g), function (match0, match1) {","                    // jslint-hack","                    String(match0);","                    switch (match1) {","                    case 'npm_package_description':","                        return 'the greatest app in the world!';","                    case 'npm_package_name':","                        return 'my-app';","                    case 'npm_package_nameAlias':","                        return 'my_app';","                    case 'npm_package_version':","                        return '0.0.1';","                    }","                });","        }","        // run the cli","        if (local.global.utility2_rollup || module !== require.main) {","            break;","        }","        local.assetsDict['/assets.example.js'] =","            local.assetsDict['/assets.example.js'] ||","            local.fs.readFileSync(__filename, 'utf8');","        local.assetsDict['/assets.npmtest_instagram_realtime.rollup.js'] =","            local.assetsDict['/assets.npmtest_instagram_realtime.rollup.js'] ||","            local.fs.readFileSync(","                // buildCustomOrg-hack","                local.npmtest_instagram_realtime.__dirname +","                    '/lib.npmtest_instagram_realtime.js',","                'utf8'","            ).replace((/^#!/), '//');","        local.assetsDict['/favicon.ico'] = local.assetsDict['/favicon.ico'] || '';","        // if $npm_config_timeout_exit exists,","        // then exit this process after $npm_config_timeout_exit ms","        if (Number(process.env.npm_config_timeout_exit)) {","            setTimeout(process.exit, Number(process.env.npm_config_timeout_exit));","        }","        // start server","        if (local.global.utility2_serverHttp1) {","            break;","        }","        process.env.PORT = process.env.PORT || '8081';","        console.error('server starting on port ' + process.env.PORT);","        local.http.createServer(function (request, response) {","            request.urlParsed = local.url.parse(request.url);","            if (local.assetsDict[request.urlParsed.pathname] !== undefined) {","                response.end(local.assetsDict[request.urlParsed.pathname]);","                return;","            }","            response.statusCode = 404;","            response.end();","        }).listen(process.env.PORT);","        break;","    }","}());",""],"l":{"26":2,"28":2,"33":2,"35":2,"37":2,"38":2,"39":2,"44":1,"51":2,"55":2,"59":2,"61":2,"69":1,"70":2,"76":2,"79":2,"82":2,"83":2,"85":1,"89":2,"92":1,"93":1,"94":1,"96":1,"97":1,"100":1,"101":1,"103":1,"106":1,"108":2,"114":1,"116":1,"118":1,"123":1,"124":2,"125":2,"126":2,"127":2,"128":2,"129":2,"130":1,"133":2,"134":2,"139":2,"143":1,"144":3,"145":1,"149":1,"150":1,"158":1,"160":1,"161":1,"162":1,"164":1,"166":1,"258":1,"259":1,"271":1,"274":6,"275":6,"277":1,"279":2,"281":1,"283":2,"288":1,"289":1,"291":1,"294":1,"302":1,"305":1,"306":1,"309":1,"310":1,"312":1,"313":1,"314":1,"315":1,"316":1,"317":1,"318":1,"320":1,"321":1,"323":1}},"/home/travis/build/npmtest/node-npmtest-instagram-realtime/node_modules/instagram-realtime/libs/InstagramStream.js":{"path":"/home/travis/build/npmtest/node-npmtest-instagram-realtime/node_modules/instagram-realtime/libs/InstagramStream.js","s":{"1":1,"2":1,"3":1,"4":1,"5":1,"6":1,"7":1,"8":1,"9":0,"10":0,"11":0,"12":0,"13":0,"14":0,"15":0,"16":0,"17":0,"18":0,"19":0,"20":0,"21":0,"22":0,"23":0,"24":0,"25":0,"26":0,"27":0,"28":0,"29":0,"30":0,"31":0,"32":0,"33":0,"34":0,"35":0,"36":0,"37":0,"38":0,"39":0,"40":0,"41":0,"42":0,"43":0,"44":0,"45":0,"46":0,"47":0,"48":0,"49":0,"50":0,"51":0,"52":0,"53":0,"54":0,"55":0,"56":0,"57":0,"58":0,"59":0,"60":0,"61":0,"62":0,"63":0,"64":0,"65":0,"66":0,"67":0,"68":0,"69":1,"70":0,"71":0,"72":1,"73":0,"74":0,"75":0,"76":0,"77":0,"78":0,"79":0,"80":0,"81":0,"82":0,"83":0,"84":0,"85":0,"86":0,"87":0,"88":0,"89":0,"90":0,"91":0,"92":0,"93":1,"94":1},"b":{"1":[0,0],"2":[0,0],"3":[0,0],"4":[0,0],"5":[0,0],"6":[0,0],"7":[0,0],"8":[0,0],"9":[0,0],"10":[0,0],"11":[0,0],"12":[0,0],"13":[0,0],"14":[0,0],"15":[0,0],"16":[0,0],"17":[0,0],"18":[0,0],"19":[0,0],"20":[0,0,0],"21":[0,0],"22":[0,0,0],"23":[0,0],"24":[0,0],"25":[0,0],"26":[0,0,0,0,0]},"f":{"1":0,"2":0,"3":0,"4":0,"5":0,"6":0,"7":0,"8":0},"fnMap":{"1":{"name":"InstagramStream","line":19,"loc":{"start":{"line":19,"column":0},"end":{"line":19,"column":40}}},"2":{"name":"(anonymous_2)","line":80,"loc":{"start":{"line":80,"column":3},"end":{"line":80,"column":15}}},"3":{"name":"(anonymous_3)","line":87,"loc":{"start":{"line":87,"column":14},"end":{"line":87,"column":41}}},"4":{"name":"(anonymous_4)","line":104,"loc":{"start":{"line":104,"column":14},"end":{"line":104,"column":35}}},"5":{"name":"(anonymous_5)","line":114,"loc":{"start":{"line":114,"column":19},"end":{"line":114,"column":35}}},"6":{"name":"(anonymous_6)","line":133,"loc":{"start":{"line":133,"column":21},"end":{"line":133,"column":35}}},"7":{"name":"route_traffic","line":144,"loc":{"start":{"line":144,"column":2},"end":{"line":144,"column":32}}},"8":{"name":"route_individual_media_response","line":150,"loc":{"start":{"line":150,"column":2},"end":{"line":150,"column":52}}}},"statementMap":{"1":{"start":{"line":2,"column":0},"end":{"line":2,"column":33}},"2":{"start":{"line":3,"column":0},"end":{"line":3,"column":32}},"3":{"start":{"line":4,"column":0},"end":{"line":4,"column":30}},"4":{"start":{"line":5,"column":0},"end":{"line":5,"column":29}},"5":{"start":{"line":7,"column":0},"end":{"line":7,"column":62}},"6":{"start":{"line":8,"column":0},"end":{"line":8,"column":55}},"7":{"start":{"line":11,"column":0},"end":{"line":11,"column":52}},"8":{"start":{"line":19,"column":0},"end":{"line":185,"column":1}},"9":{"start":{"line":20,"column":2},"end":{"line":22,"column":3}},"10":{"start":{"line":21,"column":4},"end":{"line":21,"column":45}},"11":{"start":{"line":25,"column":2},"end":{"line":25,"column":33}},"12":{"start":{"line":28,"column":2},"end":{"line":31,"column":3}},"13":{"start":{"line":29,"column":4},"end":{"line":29,"column":19}},"14":{"start":{"line":30,"column":4},"end":{"line":30,"column":21}},"15":{"start":{"line":33,"column":2},"end":{"line":33,"column":20}},"16":{"start":{"line":36,"column":2},"end":{"line":38,"column":3}},"17":{"start":{"line":37,"column":4},"end":{"line":37,"column":46}},"18":{"start":{"line":39,"column":2},"end":{"line":41,"column":3}},"19":{"start":{"line":40,"column":4},"end":{"line":40,"column":50}},"20":{"start":{"line":42,"column":2},"end":{"line":44,"column":3}},"21":{"start":{"line":43,"column":4},"end":{"line":43,"column":40}},"22":{"start":{"line":45,"column":2},"end":{"line":47,"column":3}},"23":{"start":{"line":46,"column":4},"end":{"line":46,"column":50}},"24":{"start":{"line":50,"column":2},"end":{"line":50,"column":39}},"25":{"start":{"line":51,"column":2},"end":{"line":51,"column":43}},"26":{"start":{"line":52,"column":2},"end":{"line":52,"column":60}},"27":{"start":{"line":53,"column":2},"end":{"line":53,"column":33}},"28":{"start":{"line":54,"column":2},"end":{"line":54,"column":43}},"29":{"start":{"line":56,"column":2},"end":{"line":56,"column":17}},"30":{"start":{"line":57,"column":2},"end":{"line":57,"column":34}},"31":{"start":{"line":58,"column":2},"end":{"line":58,"column":34}},"32":{"start":{"line":59,"column":2},"end":{"line":59,"column":34}},"33":{"start":{"line":62,"column":2},"end":{"line":62,"column":76}},"34":{"start":{"line":63,"column":2},"end":{"line":63,"column":18}},"35":{"start":{"line":65,"column":2},"end":{"line":70,"column":5}},"36":{"start":{"line":72,"column":2},"end":{"line":77,"column":5}},"37":{"start":{"line":80,"column":2},"end":{"line":112,"column":6}},"38":{"start":{"line":81,"column":4},"end":{"line":81,"column":48}},"39":{"start":{"line":83,"column":4},"end":{"line":83,"column":26}},"40":{"start":{"line":85,"column":4},"end":{"line":85,"column":36}},"41":{"start":{"line":87,"column":4},"end":{"line":102,"column":7}},"42":{"start":{"line":88,"column":6},"end":{"line":88,"column":49}},"43":{"start":{"line":89,"column":6},"end":{"line":101,"column":7}},"44":{"start":{"line":90,"column":8},"end":{"line":90,"column":76}},"45":{"start":{"line":91,"column":8},"end":{"line":91,"column":76}},"46":{"start":{"line":92,"column":8},"end":{"line":92,"column":55}},"47":{"start":{"line":94,"column":11},"end":{"line":101,"column":7}},"48":{"start":{"line":95,"column":8},"end":{"line":95,"column":76}},"49":{"start":{"line":96,"column":8},"end":{"line":96,"column":23}},"50":{"start":{"line":97,"column":8},"end":{"line":97,"column":37}},"51":{"start":{"line":100,"column":8},"end":{"line":100,"column":15}},"52":{"start":{"line":104,"column":4},"end":{"line":108,"column":7}},"53":{"start":{"line":105,"column":6},"end":{"line":107,"column":7}},"54":{"start":{"line":106,"column":8},"end":{"line":106,"column":45}},"55":{"start":{"line":110,"column":4},"end":{"line":110,"column":41}},"56":{"start":{"line":111,"column":4},"end":{"line":111,"column":32}},"57":{"start":{"line":114,"column":2},"end":{"line":131,"column":4}},"58":{"start":{"line":116,"column":4},"end":{"line":118,"column":5}},"59":{"start":{"line":117,"column":6},"end":{"line":117,"column":28}},"60":{"start":{"line":120,"column":4},"end":{"line":122,"column":5}},"61":{"start":{"line":121,"column":6},"end":{"line":121,"column":35}},"62":{"start":{"line":124,"column":4},"end":{"line":126,"column":5}},"63":{"start":{"line":125,"column":6},"end":{"line":125,"column":45}},"64":{"start":{"line":128,"column":4},"end":{"line":130,"column":5}},"65":{"start":{"line":129,"column":6},"end":{"line":129,"column":46}},"66":{"start":{"line":133,"column":2},"end":{"line":136,"column":3}},"67":{"start":{"line":134,"column":4},"end":{"line":134,"column":21}},"68":{"start":{"line":135,"column":4},"end":{"line":135,"column":25}},"69":{"start":{"line":144,"column":2},"end":{"line":148,"column":3}},"70":{"start":{"line":145,"column":4},"end":{"line":147,"column":5}},"71":{"start":{"line":146,"column":6},"end":{"line":146,"column":47}},"72":{"start":{"line":150,"column":2},"end":{"line":184,"column":3}},"73":{"start":{"line":151,"column":4},"end":{"line":151,"column":33}},"74":{"start":{"line":152,"column":4},"end":{"line":152,"column":40}},"75":{"start":{"line":153,"column":4},"end":{"line":153,"column":34}},"76":{"start":{"line":155,"column":4},"end":{"line":159,"column":5}},"77":{"start":{"line":156,"column":6},"end":{"line":156,"column":76}},"78":{"start":{"line":157,"column":6},"end":{"line":157,"column":40}},"79":{"start":{"line":158,"column":6},"end":{"line":158,"column":40}},"80":{"start":{"line":161,"column":4},"end":{"line":183,"column":5}},"81":{"start":{"line":163,"column":6},"end":{"line":163,"column":48}},"82":{"start":{"line":164,"column":6},"end":{"line":164,"column":53}},"83":{"start":{"line":165,"column":6},"end":{"line":165,"column":24}},"84":{"start":{"line":166,"column":6},"end":{"line":166,"column":12}},"85":{"start":{"line":169,"column":6},"end":{"line":169,"column":29}},"86":{"start":{"line":170,"column":6},"end":{"line":170,"column":12}},"87":{"start":{"line":173,"column":6},"end":{"line":173,"column":34}},"88":{"start":{"line":174,"column":6},"end":{"line":174,"column":12}},"89":{"start":{"line":177,"column":6},"end":{"line":177,"column":35}},"90":{"start":{"line":178,"column":6},"end":{"line":178,"column":12}},"91":{"start":{"line":181,"column":6},"end":{"line":181,"column":38}},"92":{"start":{"line":182,"column":6},"end":{"line":182,"column":13}},"93":{"start":{"line":188,"column":0},"end":{"line":188,"column":51}},"94":{"start":{"line":192,"column":0},"end":{"line":192,"column":33}}},"branchMap":{"1":{"line":20,"type":"if","locations":[{"start":{"line":20,"column":2},"end":{"line":20,"column":2}},{"start":{"line":20,"column":2},"end":{"line":20,"column":2}}]},"2":{"line":28,"type":"if","locations":[{"start":{"line":28,"column":2},"end":{"line":28,"column":2}},{"start":{"line":28,"column":2},"end":{"line":28,"column":2}}]},"3":{"line":28,"type":"binary-expr","locations":[{"start":{"line":28,"column":6},"end":{"line":28,"column":32}},{"start":{"line":28,"column":36},"end":{"line":28,"column":71}}]},"4":{"line":33,"type":"binary-expr","locations":[{"start":{"line":33,"column":9},"end":{"line":33,"column":13}},{"start":{"line":33,"column":17},"end":{"line":33,"column":19}}]},"5":{"line":36,"type":"if","locations":[{"start":{"line":36,"column":2},"end":{"line":36,"column":2}},{"start":{"line":36,"column":2},"end":{"line":36,"column":2}}]},"6":{"line":39,"type":"if","locations":[{"start":{"line":39,"column":2},"end":{"line":39,"column":2}},{"start":{"line":39,"column":2},"end":{"line":39,"column":2}}]},"7":{"line":42,"type":"if","locations":[{"start":{"line":42,"column":2},"end":{"line":42,"column":2}},{"start":{"line":42,"column":2},"end":{"line":42,"column":2}}]},"8":{"line":45,"type":"if","locations":[{"start":{"line":45,"column":2},"end":{"line":45,"column":2}},{"start":{"line":45,"column":2},"end":{"line":45,"column":2}}]},"9":{"line":62,"type":"cond-expr","locations":[{"start":{"line":62,"column":44},"end":{"line":62,"column":62}},{"start":{"line":62,"column":65},"end":{"line":62,"column":75}}]},"10":{"line":89,"type":"if","locations":[{"start":{"line":89,"column":6},"end":{"line":89,"column":6}},{"start":{"line":89,"column":6},"end":{"line":89,"column":6}}]},"11":{"line":89,"type":"binary-expr","locations":[{"start":{"line":89,"column":10},"end":{"line":89,"column":30}},{"start":{"line":89,"column":34},"end":{"line":89,"column":71}}]},"12":{"line":92,"type":"cond-expr","locations":[{"start":{"line":92,"column":33},"end":{"line":92,"column":46}},{"start":{"line":92,"column":49},"end":{"line":92,"column":53}}]},"13":{"line":94,"type":"if","locations":[{"start":{"line":94,"column":11},"end":{"line":94,"column":11}},{"start":{"line":94,"column":11},"end":{"line":94,"column":11}}]},"14":{"line":94,"type":"binary-expr","locations":[{"start":{"line":94,"column":15},"end":{"line":94,"column":36}},{"start":{"line":94,"column":40},"end":{"line":94,"column":77}}]},"15":{"line":116,"type":"if","locations":[{"start":{"line":116,"column":4},"end":{"line":116,"column":4}},{"start":{"line":116,"column":4},"end":{"line":116,"column":4}}]},"16":{"line":116,"type":"binary-expr","locations":[{"start":{"line":116,"column":8},"end":{"line":116,"column":40}},{"start":{"line":116,"column":44},"end":{"line":116,"column":53}}]},"17":{"line":120,"type":"if","locations":[{"start":{"line":120,"column":4},"end":{"line":120,"column":4}},{"start":{"line":120,"column":4},"end":{"line":120,"column":4}}]},"18":{"line":120,"type":"binary-expr","locations":[{"start":{"line":120,"column":8},"end":{"line":120,"column":36}},{"start":{"line":120,"column":40},"end":{"line":120,"column":55}}]},"19":{"line":124,"type":"if","locations":[{"start":{"line":124,"column":4},"end":{"line":124,"column":4}},{"start":{"line":124,"column":4},"end":{"line":124,"column":4}}]},"20":{"line":124,"type":"binary-expr","locations":[{"start":{"line":124,"column":9},"end":{"line":124,"column":42}},{"start":{"line":124,"column":46},"end":{"line":124,"column":79}},{"start":{"line":124,"column":84},"end":{"line":124,"column":104}}]},"21":{"line":128,"type":"if","locations":[{"start":{"line":128,"column":4},"end":{"line":128,"column":4}},{"start":{"line":128,"column":4},"end":{"line":128,"column":4}}]},"22":{"line":128,"type":"binary-expr","locations":[{"start":{"line":128,"column":8},"end":{"line":128,"column":36}},{"start":{"line":128,"column":40},"end":{"line":128,"column":68}},{"start":{"line":128,"column":72},"end":{"line":128,"column":103}}]},"23":{"line":134,"type":"binary-expr","locations":[{"start":{"line":134,"column":9},"end":{"line":134,"column":11}},{"start":{"line":134,"column":15},"end":{"line":134,"column":20}}]},"24":{"line":155,"type":"if","locations":[{"start":{"line":155,"column":4},"end":{"line":155,"column":4}},{"start":{"line":155,"column":4},"end":{"line":155,"column":4}}]},"25":{"line":155,"type":"binary-expr","locations":[{"start":{"line":155,"column":10},"end":{"line":155,"column":16}},{"start":{"line":155,"column":20},"end":{"line":155,"column":26}}]},"26":{"line":161,"type":"switch","locations":[{"start":{"line":162,"column":4},"end":{"line":166,"column":12}},{"start":{"line":168,"column":4},"end":{"line":170,"column":12}},{"start":{"line":172,"column":4},"end":{"line":174,"column":12}},{"start":{"line":176,"column":4},"end":{"line":178,"column":12}},{"start":{"line":180,"column":4},"end":{"line":182,"column":13}}]}},"code":["// External dependencies","var connect = require('connect');","var events  = require('events');","var util    = require('util');","var url     = require('url');","// Internal dependencies","var SubscriptionManager = require('./SubscriptionManager.js');","var MediaFetcher        = require('./MediaFetcher.js');","","// Inheritance","util.inherits(InstagramStream, events.EventEmitter);","","/**"," * InstagramStream Object"," * Creates an InstagramStream usable with triggers"," * @param {!Server} server  a Node HTTP server or Express App()"," * @param {object}  opts    options object"," */","function InstagramStream (server, opts) {","  if (!(this instanceof InstagramStream)) {","    return new InstagramStream(server, opts);","  }","","  // Call super constructor","  events.EventEmitter.call(this);","","  // Shift over parameters, if there is no server in the first slot","  if (typeof server === 'object' && typeof server.listen !== 'function') {","    server  = null;","    opts    = server;","  }","","  opts = opts || {};","","  // Warn user about invalid options","  if (!opts.client_id) {","    console.log('Invalid \"client_id\"'.yellow);","  }","  if (!opts.client_secret) {","    console.log('Invalid \"client_secret\"'.yellow);","  }","  if (!opts.url) {","    console.log('Invalid \"url\"'.yellow);","  }","  if (!opts.callback_path) {","    console.log('Invalid \"callback_path\"'.yellow);","  }","","  // Create object","  this.client_id      = opts.client_id;","  this.client_secret  = opts.client_secret;","  this.callback_url   = opts.url + '/' + opts.callback_path;","  this.url            = opts.url;","  this.callback_path  = opts.callback_path;","","  this.last = {};","  this.last.response  = undefined;","  this.last.body      = undefined;","  this.last_body      = undefined;    // TODO: Remove this","","  // Defaults","  this.callback_path = this.callback_path ? this.callback_path : 'callback';","  var self = this;","","  var _sub = new SubscriptionManager({","    parent  : this,","    client_id     : this.client_id,","    client_secret : this.client_secret,","    callback_url  : this.callback_url","  });","","  var _fetch = new MediaFetcher({","    parent  : this,","    client_id     : this.client_id,","    client_secret : this.client_secret,","    callback_url  : this.callback_url","  });","","  // Route '/:callback' -> custom handlers","  ~function () {","    var listeners = server.listeners('request');","","    var chain = connect();","","    chain.use(connect.bodyParser());","","    chain.use(function (req, resp, next) {","      var pathname = url.parse(req.url).pathname;","      if (req.method === 'GET' && pathname === '/' + self.callback_path) {","        var hub_challenge = url.parse(req.url, true).query['hub.challenge'];","        resp.writeHead(200, { 'Content-Type': 'text/plain;charset=utf-8' });","        resp.end(hub_challenge ? hub_challenge : '🍕');","      }","      else if (req.method === 'POST' && pathname === '/' + self.callback_path) {","        resp.writeHead(200, { 'Content-Type': 'text/plain;charset=utf-8' });","        resp.end('🍕');","        route_traffic(req.body, req);","      }","      else {","        next();","      }","    });","","    chain.use(function (req, resp) {","      for (var k = 0; k < listeners.length; k++) {","        listeners[k].call(server, req, resp);","      }","    });","","    server.removeAllListeners('request');","    server.on('request', chain);","  }();","","  this.subscribe = function (term) {","    // Contains subscription to users","    if (typeof term.user !== 'undefined' && term.user) {","      _sub.subscribe_user();","    }","    // Contains subscription to tag","    if (typeof term.tag === 'string' && term.tag !== '') {","      _sub.subscribe_tag(term.tag);","    }","    // Contains subscription to location-id","    if ((typeof term.location === 'number' || typeof term.location === 'string') && term.location !== '') {","      _sub.subscribe_location(term.location);","    }","    // Contains subscription to geography coordinates","    if (typeof term.lat === 'number' && typeof term.lng === 'number' && typeof term.radius === 'number') {","      _sub.subscribe_geography(term.location);","    }","  };","","  this.unsubscribe = function (id) {","    id = id || 'all';","    _sub.unsubscribe(id);","  }","  /**","   * Request a Media Search from Instagram Based on an HTTP-Request","   * ~~~","   * @param {!Request Body} body an HTTP-request from the InstagramAPI containing","   * object-id and subscription-id information. This can determine which type of","   * subscription was sent, and what its purpose was.","   */","  function route_traffic (body) {","    for (var k = 0; k < body.length; k++) {","      route_individual_media_response(body[k]);","    }","  }","","  function route_individual_media_response (result) {","    var sub_type = result.object;","    var sub_id = result.subscription_id;","    var obj_id = result.object_id;","","    if (!(sub_id && obj_id)) {","      console.log('bad result... this seems like an Instagram API problem');","      console.log('sub_id = ' + sub_id);","      console.log('obj_id = ' + obj_id);","    }","","    switch (sub_type) {","    case 'user':","      console.log('routing user-media traffic');","      console.log('NOTE: this is *not* implemented');","      _fetch.get_user();","      break;","","    case 'tag':","      _fetch.get_tag(obj_id);","      break;","","    case 'location':","      _fetch.get_location(obj_id);","      break;","","    case 'geography':","      _fetch.get_geography(obj_id);","      break;","","    default:","      console.log('bad media update');","      return;","    }","  }","}","","// LISTEN = CONSTRUCTOR","InstagramStream.prototype.listen = InstagramStream;","","","// Exports","module.exports = InstagramStream;",""],"l":{"2":1,"3":1,"4":1,"5":1,"7":1,"8":1,"11":1,"19":1,"20":0,"21":0,"25":0,"28":0,"29":0,"30":0,"33":0,"36":0,"37":0,"39":0,"40":0,"42":0,"43":0,"45":0,"46":0,"50":0,"51":0,"52":0,"53":0,"54":0,"56":0,"57":0,"58":0,"59":0,"62":0,"63":0,"65":0,"72":0,"80":0,"81":0,"83":0,"85":0,"87":0,"88":0,"89":0,"90":0,"91":0,"92":0,"94":0,"95":0,"96":0,"97":0,"100":0,"104":0,"105":0,"106":0,"110":0,"111":0,"114":0,"116":0,"117":0,"120":0,"121":0,"124":0,"125":0,"128":0,"129":0,"133":0,"134":0,"135":0,"144":1,"145":0,"146":0,"150":1,"151":0,"152":0,"153":0,"155":0,"156":0,"157":0,"158":0,"161":0,"163":0,"164":0,"165":0,"166":0,"169":0,"170":0,"173":0,"174":0,"177":0,"178":0,"181":0,"182":0,"188":1,"192":1}},"/home/travis/build/npmtest/node-npmtest-instagram-realtime/node_modules/instagram-realtime/libs/SubscriptionManager.js":{"path":"/home/travis/build/npmtest/node-npmtest-instagram-realtime/node_modules/instagram-realtime/libs/SubscriptionManager.js","s":{"1":1,"2":1,"3":1,"4":1,"5":0,"6":0,"7":0,"8":0,"9":0,"10":0,"11":0,"12":0,"13":0,"14":0,"15":0,"16":0,"17":0,"18":0,"19":1,"20":0,"21":0,"22":0,"23":1,"24":0,"25":0,"26":0,"27":1,"28":0,"29":0,"30":0,"31":1,"32":0,"33":0,"34":0,"35":0,"36":0,"37":0,"38":1,"39":0,"40":0,"41":0,"42":0,"43":0,"44":0,"45":1},"b":{"1":[0,0],"2":[0,0],"3":[0,0],"4":[0,0],"5":[0,0],"6":[0,0],"7":[0,0]},"f":{"1":0,"2":0,"3":0,"4":0,"5":0,"6":0,"7":0,"8":0},"fnMap":{"1":{"name":"SubscriptionManager","line":9,"loc":{"start":{"line":9,"column":0},"end":{"line":9,"column":38}}},"2":{"name":"(anonymous_2)","line":17,"loc":{"start":{"line":17,"column":27},"end":{"line":17,"column":56}}},"3":{"name":"(anonymous_3)","line":26,"loc":{"start":{"line":26,"column":29},"end":{"line":26,"column":58}}},"4":{"name":"(anonymous_4)","line":42,"loc":{"start":{"line":42,"column":47},"end":{"line":42,"column":59}}},"5":{"name":"(anonymous_5)","line":62,"loc":{"start":{"line":62,"column":46},"end":{"line":62,"column":61}}},"6":{"name":"(anonymous_6)","line":83,"loc":{"start":{"line":83,"column":51},"end":{"line":83,"column":65}}},"7":{"name":"(anonymous_7)","line":106,"loc":{"start":{"line":106,"column":52},"end":{"line":106,"column":77}}},"8":{"name":"(anonymous_8)","line":133,"loc":{"start":{"line":133,"column":44},"end":{"line":133,"column":58}}}},"statementMap":{"1":{"start":{"line":1,"column":0},"end":{"line":1,"column":33}},"2":{"start":{"line":2,"column":0},"end":{"line":2,"column":33}},"3":{"start":{"line":3,"column":0},"end":{"line":3,"column":25}},"4":{"start":{"line":9,"column":0},"end":{"line":34,"column":1}},"5":{"start":{"line":10,"column":2},"end":{"line":10,"column":30}},"6":{"start":{"line":11,"column":2},"end":{"line":11,"column":30}},"7":{"start":{"line":12,"column":2},"end":{"line":12,"column":41}},"8":{"start":{"line":13,"column":2},"end":{"line":13,"column":45}},"9":{"start":{"line":14,"column":2},"end":{"line":14,"column":44}},"10":{"start":{"line":15,"column":2},"end":{"line":15,"column":18}},"11":{"start":{"line":17,"column":2},"end":{"line":24,"column":4}},"12":{"start":{"line":18,"column":4},"end":{"line":23,"column":5}},"13":{"start":{"line":19,"column":6},"end":{"line":19,"column":48}},"14":{"start":{"line":22,"column":6},"end":{"line":22,"column":61}},"15":{"start":{"line":26,"column":2},"end":{"line":33,"column":4}},"16":{"start":{"line":27,"column":4},"end":{"line":32,"column":5}},"17":{"start":{"line":28,"column":6},"end":{"line":28,"column":50}},"18":{"start":{"line":31,"column":6},"end":{"line":31,"column":63}},"19":{"start":{"line":42,"column":0},"end":{"line":53,"column":2}},"20":{"start":{"line":44,"column":2},"end":{"line":44,"column":58}},"21":{"start":{"line":45,"column":2},"end":{"line":51,"column":4}},"22":{"start":{"line":52,"column":2},"end":{"line":52,"column":61}},"23":{"start":{"line":62,"column":0},"end":{"line":74,"column":2}},"24":{"start":{"line":64,"column":2},"end":{"line":64,"column":58}},"25":{"start":{"line":65,"column":2},"end":{"line":72,"column":4}},"26":{"start":{"line":73,"column":2},"end":{"line":73,"column":61}},"27":{"start":{"line":83,"column":0},"end":{"line":95,"column":2}},"28":{"start":{"line":85,"column":2},"end":{"line":85,"column":58}},"29":{"start":{"line":86,"column":2},"end":{"line":93,"column":4}},"30":{"start":{"line":94,"column":2},"end":{"line":94,"column":61}},"31":{"start":{"line":106,"column":0},"end":{"line":122,"column":2}},"32":{"start":{"line":107,"column":2},"end":{"line":107,"column":43}},"33":{"start":{"line":108,"column":2},"end":{"line":108,"column":43}},"34":{"start":{"line":109,"column":2},"end":{"line":109,"column":57}},"35":{"start":{"line":110,"column":2},"end":{"line":110,"column":58}},"36":{"start":{"line":111,"column":2},"end":{"line":120,"column":4}},"37":{"start":{"line":121,"column":2},"end":{"line":121,"column":61}},"38":{"start":{"line":133,"column":0},"end":{"line":141,"column":2}},"39":{"start":{"line":135,"column":2},"end":{"line":135,"column":46}},"40":{"start":{"line":136,"column":2},"end":{"line":136,"column":57}},"41":{"start":{"line":137,"column":2},"end":{"line":137,"column":49}},"42":{"start":{"line":138,"column":2},"end":{"line":138,"column":45}},"43":{"start":{"line":139,"column":2},"end":{"line":139,"column":33}},"44":{"start":{"line":140,"column":2},"end":{"line":140,"column":45}},"45":{"start":{"line":144,"column":0},"end":{"line":144,"column":37}}},"branchMap":{"1":{"line":18,"type":"if","locations":[{"start":{"line":18,"column":4},"end":{"line":18,"column":4}},{"start":{"line":18,"column":4},"end":{"line":18,"column":4}}]},"2":{"line":27,"type":"if","locations":[{"start":{"line":27,"column":4},"end":{"line":27,"column":4}},{"start":{"line":27,"column":4},"end":{"line":27,"column":4}}]},"3":{"line":107,"type":"cond-expr","locations":[{"start":{"line":107,"column":34},"end":{"line":107,"column":37}},{"start":{"line":107,"column":40},"end":{"line":107,"column":42}}]},"4":{"line":108,"type":"cond-expr","locations":[{"start":{"line":108,"column":34},"end":{"line":108,"column":37}},{"start":{"line":108,"column":40},"end":{"line":108,"column":42}}]},"5":{"line":109,"type":"cond-expr","locations":[{"start":{"line":109,"column":46},"end":{"line":109,"column":49}},{"start":{"line":109,"column":52},"end":{"line":109,"column":56}}]},"6":{"line":109,"type":"binary-expr","locations":[{"start":{"line":109,"column":8},"end":{"line":109,"column":31}},{"start":{"line":109,"column":35},"end":{"line":109,"column":43}}]},"7":{"line":135,"type":"cond-expr","locations":[{"start":{"line":135,"column":35},"end":{"line":135,"column":37}},{"start":{"line":135,"column":40},"end":{"line":135,"column":45}}]}},"code":["var request = require('request');","var connect = require('connect');","var url = require('url');","","/**"," * SubscriptionManager"," * Helps with Instagram Subscriptions"," */","function SubscriptionManager (params) {","  this.parent = params.parent;","  this.server = params.server;","  this.client_id      = params.client_id;","  this.client_secret  = params.client_secret;","  this.callback_url   = params.callback_url;","  var self = this;","","  this.subscribe_handler = function (error, resp, body) {","    if (resp.statusCode === 200) {","      self.parent.emit('subscribe', resp, body);","    }","    else {","      self.parent.emit('subscribe/error', error, resp, body);","    }","  };","","  this.unsubscribe_handler = function (error, resp, body) {","    if (resp.statusCode === 200) {","      self.parent.emit('unsubscribe', resp, body);","    }","    else {","      self.parent.emit('unsubscribe/error', error, resp, body);","    }","  };","}","","/**"," * Subscribe to Users"," * Send an HTTP POST-request to the Instagram API, requesting a realtime"," * subscription to the full set of authenticated to the app."," * @return {undefined} undefined"," */","SubscriptionManager.prototype.subscribe_user = function () {","  'use strict';","  var url = 'https://api.instagram.com/v1/subscriptions/';","  var data = {","    client_id     : this.client_id,","    client_secret : this.client_secret,","    object        : 'user',","    aspect        : 'media',","    callback_url  : this.callback_url","  };","  request.post(url, { form : data }, this.subscribe_handler);","};","","/**"," * Subscribe to a Hashtag"," * Send an HTTP POST-request to the Instagram API, requesting a realtime"," * subscription to a specific hashtag."," * @param {string} tag a hashtag"," * @return {undefined} undefined"," */","SubscriptionManager.prototype.subscribe_tag = function (tag) {","  'use strict';","  var url = 'https://api.instagram.com/v1/subscriptions/';","  var data = {","    client_id     : this.client_id,","    client_secret : this.client_secret,","    object        : 'tag',","    aspect        : 'media',","    object_id     : tag,","    callback_url  : this.callback_url","  };","  request.post(url, { form : data }, this.subscribe_handler);","};","","/**"," * Subscribe to Location by ID"," * Send an HTTP POST-request to the Instagram API, requesting a realtime"," * subscription to a specific, location via ID."," * @param {string} id an identification string for a particular location"," * @return {undefined} undefined"," */","SubscriptionManager.prototype.subscribe_location = function (id) {","  'use strict';","  var url = 'https://api.instagram.com/v1/subscriptions/';","  var data = {","    client_id     : this.client_id,","    client_secret : this.client_secret,","    object        : 'location',","    aspect        : 'media',","    object_id     : id,","    callback_url  : this.callback_url","  };","  request.post(url, { form : data }, this.subscribe_handler);","};","","/**"," * Subscribe to a Longitude-Latitude Coordinate"," * Send an HTTP POST-request to the Instagram API, requesting a realtime"," * subscription to a specific, longitude-latitude coordinate with a radius."," * @param {string} id an identification string for a particular location"," * @param {object} pos an object containing 3 numeric properties:"," * \"lng\", longitude coordinate, \"lat\", latitude coordinate, and \"rad\", the radius"," * @return {undefined} undefined"," */","SubscriptionManager.prototype.subscribe_geography = function (lat, lng, rad) {","  lng = typeof lng === 'number' ? lng : 10;","  lat = typeof lat === 'number' ? lat : 10;","  rad = typeof rad === 'number' && rad >= 0 ? rad : 1000;","  var url = 'https://api.instagram.com/v1/subscriptions/';","  var data = {","    client_id     : this.client_id,","    client_secret : this.client_secret,","    object        : 'geography',","    aspect        : 'media',","    lat           : lat,","    lng           : lng,","    radius        : rad,","    callback_url  : this.callback_url","  };","  request.post(url, { form : data }, this.subscribe_handler);","};","","/**"," * Delete Subscriptions"," * Sends a DELETE HTTP-Request with client information to Instagram API. This"," * cancels a specific media subscription, if \"id\" is an identifier."," * If \"id\" is \"all or undefined, all subscriptions are cancelled."," * @param {number or string} id a number of string representing the subscription"," * to cancel"," * @return {undefined} undefined"," */","SubscriptionManager.prototype.unsubscribe = function (id) {","  'use strict';","  id = typeof id !== 'undefined' ? id : 'all';","  var url = 'https://api.instagram.com/v1/subscriptions';","  url += '?client_secret='  + this.client_secret;","  url += '&client_id='      + this.client_id;","  url += '&object='         + id;","  request.del(url, this.unsubscribe_handler);","};","","// ...","module.exports = SubscriptionManager;",""],"l":{"1":1,"2":1,"3":1,"9":1,"10":0,"11":0,"12":0,"13":0,"14":0,"15":0,"17":0,"18":0,"19":0,"22":0,"26":0,"27":0,"28":0,"31":0,"42":1,"44":0,"45":0,"52":0,"62":1,"64":0,"65":0,"73":0,"83":1,"85":0,"86":0,"94":0,"106":1,"107":0,"108":0,"109":0,"110":0,"111":0,"121":0,"133":1,"135":0,"136":0,"137":0,"138":0,"139":0,"140":0,"144":1}},"/home/travis/build/npmtest/node-npmtest-instagram-realtime/node_modules/instagram-realtime/libs/MediaFetcher.js":{"path":"/home/travis/build/npmtest/node-npmtest-instagram-realtime/node_modules/instagram-realtime/libs/MediaFetcher.js","s":{"1":1,"2":1,"3":0,"4":0,"5":0,"6":0,"7":0,"8":0,"9":0,"10":0,"11":0,"12":0,"13":0,"14":0,"15":0,"16":1,"17":0,"18":0,"19":0,"20":0,"21":0,"22":0,"23":0,"24":1,"25":0,"26":0,"27":0,"28":0,"29":0,"30":1,"31":0,"32":0,"33":0,"34":0,"35":0,"36":1,"37":0,"38":0,"39":0,"40":0,"41":0,"42":1},"b":{"1":[0,0],"2":[0,0]},"f":{"1":0,"2":0,"3":0,"4":0,"5":0,"6":0},"fnMap":{"1":{"name":"MediaFetcher","line":7,"loc":{"start":{"line":7,"column":0},"end":{"line":7,"column":31}}},"2":{"name":"(anonymous_2)","line":16,"loc":{"start":{"line":16,"column":31},"end":{"line":16,"column":60}}},"3":{"name":"(anonymous_3)","line":33,"loc":{"start":{"line":33,"column":34},"end":{"line":33,"column":48}}},"4":{"name":"(anonymous_4)","line":46,"loc":{"start":{"line":46,"column":33},"end":{"line":46,"column":48}}},"5":{"name":"(anonymous_5)","line":55,"loc":{"start":{"line":55,"column":38},"end":{"line":55,"column":52}}},"6":{"name":"(anonymous_6)","line":64,"loc":{"start":{"line":64,"column":39},"end":{"line":64,"column":53}}}},"statementMap":{"1":{"start":{"line":1,"column":0},"end":{"line":1,"column":33}},"2":{"start":{"line":7,"column":0},"end":{"line":27,"column":1}},"3":{"start":{"line":8,"column":2},"end":{"line":8,"column":18}},"4":{"start":{"line":9,"column":2},"end":{"line":9,"column":30}},"5":{"start":{"line":10,"column":2},"end":{"line":10,"column":30}},"6":{"start":{"line":11,"column":2},"end":{"line":11,"column":41}},"7":{"start":{"line":12,"column":2},"end":{"line":12,"column":45}},"8":{"start":{"line":13,"column":2},"end":{"line":13,"column":44}},"9":{"start":{"line":16,"column":2},"end":{"line":26,"column":4}},"10":{"start":{"line":17,"column":4},"end":{"line":25,"column":5}},"11":{"start":{"line":18,"column":6},"end":{"line":18,"column":42}},"12":{"start":{"line":19,"column":6},"end":{"line":19,"column":39}},"13":{"start":{"line":20,"column":6},"end":{"line":20,"column":39}},"14":{"start":{"line":21,"column":6},"end":{"line":21,"column":39}},"15":{"start":{"line":24,"column":6},"end":{"line":24,"column":48}},"16":{"start":{"line":33,"column":0},"end":{"line":44,"column":2}},"17":{"start":{"line":34,"column":2},"end":{"line":36,"column":3}},"18":{"start":{"line":35,"column":4},"end":{"line":35,"column":47}},"19":{"start":{"line":38,"column":2},"end":{"line":38,"column":43}},"20":{"start":{"line":39,"column":2},"end":{"line":39,"column":24}},"21":{"start":{"line":40,"column":2},"end":{"line":40,"column":25}},"22":{"start":{"line":41,"column":2},"end":{"line":41,"column":41}},"23":{"start":{"line":43,"column":2},"end":{"line":43,"column":47}},"24":{"start":{"line":46,"column":0},"end":{"line":53,"column":2}},"25":{"start":{"line":47,"column":2},"end":{"line":47,"column":43}},"26":{"start":{"line":48,"column":2},"end":{"line":48,"column":24}},"27":{"start":{"line":49,"column":2},"end":{"line":49,"column":25}},"28":{"start":{"line":50,"column":2},"end":{"line":50,"column":41}},"29":{"start":{"line":52,"column":2},"end":{"line":52,"column":47}},"30":{"start":{"line":55,"column":0},"end":{"line":62,"column":2}},"31":{"start":{"line":56,"column":2},"end":{"line":56,"column":43}},"32":{"start":{"line":57,"column":2},"end":{"line":57,"column":28}},"33":{"start":{"line":58,"column":2},"end":{"line":58,"column":25}},"34":{"start":{"line":59,"column":2},"end":{"line":59,"column":41}},"35":{"start":{"line":61,"column":2},"end":{"line":61,"column":47}},"36":{"start":{"line":64,"column":0},"end":{"line":71,"column":2}},"37":{"start":{"line":65,"column":2},"end":{"line":65,"column":43}},"38":{"start":{"line":66,"column":2},"end":{"line":66,"column":30}},"39":{"start":{"line":67,"column":2},"end":{"line":67,"column":25}},"40":{"start":{"line":68,"column":2},"end":{"line":68,"column":41}},"41":{"start":{"line":70,"column":2},"end":{"line":70,"column":47}},"42":{"start":{"line":73,"column":0},"end":{"line":73,"column":30}}},"branchMap":{"1":{"line":17,"type":"if","locations":[{"start":{"line":17,"column":4},"end":{"line":17,"column":4}},{"start":{"line":17,"column":4},"end":{"line":17,"column":4}}]},"2":{"line":34,"type":"if","locations":[{"start":{"line":34,"column":2},"end":{"line":34,"column":2}},{"start":{"line":34,"column":2},"end":{"line":34,"column":2}}]}},"code":["var request = require('request');","","/**"," * MediaFetcher"," * Helps with pulling new media"," */","function MediaFetcher (params) {","  var self = this;","  self.parent = params.parent;","  self.server = params.server;","  self.client_id      = params.client_id;","  self.client_secret  = params.client_secret;","  self.callback_url   = params.callback_url;","","  // Request Media Handler","  self.request_media_handler = function (error, resp, body) {","    if (resp.statusCode === 200) {","      self.parent.emit('new', resp, body);","      self.parent.last.response = resp;","      self.parent.last.body     = body;","      self.parent.last_body     = body;","    }","    else {","      self.parent.emit('new/error', resp, body);","    }","  };","}","","/**"," * Get New Media Created by a User"," * Sends an"," */","MediaFetcher.prototype.get_user = function (id) {","  if (typeof id !== 'string') {","    console.log('User search must have id\\'s');","  }","","  var url = 'https://api.instagram.com/v1';","  url += '/users/' + id;","  url += '/media/recent';","  url += '?client_id='  + this.client_id;","","  request.get(url, this.request_media_handler);","};","","MediaFetcher.prototype.get_tag = function (tag) {","  var url = 'https://api.instagram.com/v1';","  url += '/tags/' + tag;","  url += '/media/recent';","  url += '?client_id='  + this.client_id;","","  request.get(url, this.request_media_handler);","};","","MediaFetcher.prototype.get_location = function (id) {","  var url = 'https://api.instagram.com/v1';","  url += '/locations/' + id;","  url += '/media/recent';","  url += '?client_id='  + this.client_id;","","  request.get(url, this.request_media_handler);","};","","MediaFetcher.prototype.get_geography = function (id) {","  var url = 'https://api.instagram.com/v1';","  url += '/geographies/' + id;","  url += '/media/recent';","  url += '?client_id='  + this.client_id;","","  request.get(url, this.request_media_handler);","};","","module.exports = MediaFetcher;",""],"l":{"1":1,"7":1,"8":0,"9":0,"10":0,"11":0,"12":0,"13":0,"16":0,"17":0,"18":0,"19":0,"20":0,"21":0,"24":0,"33":1,"34":0,"35":0,"38":0,"39":0,"40":0,"41":0,"43":0,"46":1,"47":0,"48":0,"49":0,"50":0,"52":0,"55":1,"56":0,"57":0,"58":0,"59":0,"61":0,"64":1,"65":0,"66":0,"67":0,"68":0,"70":0,"73":1}}}